Mon Jan 30 08:41:56 BRST 2012  [debug] AvalonLogSystem initialized using logfile 'velocity.log'
Mon Jan 30 08:41:56 BRST 2012   [info] ************************************************************** 
Mon Jan 30 08:41:56 BRST 2012   [info] Starting Jakarta Velocity v1.4
Mon Jan 30 08:41:56 BRST 2012   [info] RuntimeInstance initializing.
Mon Jan 30 08:41:56 BRST 2012   [info] Default Properties File: org/apache/velocity/runtime/defaults/velocity.properties
Mon Jan 30 08:41:56 BRST 2012   [info] Trying to use logger class org.apache.velocity.runtime.log.SimpleLog4JLogSystem
Mon Jan 30 08:41:56 BRST 2012  [debug] Couldn't find class org.apache.velocity.runtime.log.SimpleLog4JLogSystem or necessary supporting classes in classpath. Exception : java.lang.NoClassDefFoundError: org/apache/log4j/Layout
Mon Jan 30 08:41:56 BRST 2012   [info] Using AvalonLogSystem as logger of final resort.
Mon Jan 30 08:41:56 BRST 2012   [info] Default ResourceManager initializing. (class org.apache.velocity.runtime.resource.ResourceManagerImpl)
Mon Jan 30 08:41:56 BRST 2012   [info] Resource Loader Instantiated: org.apache.velocity.runtime.resource.loader.FileResourceLoader
Mon Jan 30 08:41:56 BRST 2012   [info] FileResourceLoader : initialization starting.
Mon Jan 30 08:41:56 BRST 2012   [info] FileResourceLoader : adding path '/home/leandro/dev/projects/xingu-TRUNK/template/target/test-classes/templates/velocity/app'
Mon Jan 30 08:41:56 BRST 2012   [info] FileResourceLoader : initialization complete.
Mon Jan 30 08:41:56 BRST 2012   [info] ResourceCache : initialized. (class org.apache.velocity.runtime.resource.ResourceCacheImpl)
Mon Jan 30 08:41:56 BRST 2012   [info] Default ResourceManager initialization complete.
Mon Jan 30 08:41:56 BRST 2012   [info] Loaded System Directive: org.apache.velocity.runtime.directive.Literal
Mon Jan 30 08:41:56 BRST 2012   [info] Loaded System Directive: org.apache.velocity.runtime.directive.Macro
Mon Jan 30 08:41:56 BRST 2012   [info] Loaded System Directive: org.apache.velocity.runtime.directive.Parse
Mon Jan 30 08:41:56 BRST 2012   [info] Loaded System Directive: org.apache.velocity.runtime.directive.Include
Mon Jan 30 08:41:56 BRST 2012   [info] Loaded System Directive: org.apache.velocity.runtime.directive.Foreach
Mon Jan 30 08:41:56 BRST 2012   [info] Created: 20 parsers.
Mon Jan 30 08:41:56 BRST 2012   [info] Velocimacro : initialization starting.
Mon Jan 30 08:41:56 BRST 2012   [info] Velocimacro : adding VMs from VM library template : VM_global_library.vm 
Mon Jan 30 08:41:56 BRST 2012  [error] ResourceManager : unable to find resource 'VM_global_library.vm ' in any resource loader.
Mon Jan 30 08:41:56 BRST 2012   [info] Velocimacro : error using  VM library template VM_global_library.vm  : org.apache.velocity.exception.ResourceNotFoundException: Unable to find resource 'VM_global_library.vm '
Mon Jan 30 08:41:56 BRST 2012   [info] Velocimacro :  VM library template macro registration complete.
Mon Jan 30 08:41:56 BRST 2012   [info] Velocimacro : allowInline = true : VMs can be defined inline in templates
Mon Jan 30 08:41:56 BRST 2012   [info] Velocimacro : allowInlineToOverride = true : VMs defined inline may replace previous VM definitions
Mon Jan 30 08:41:56 BRST 2012   [info] Velocimacro : allowInlineLocal = false : VMs defined inline will be  global in scope if allowed.
Mon Jan 30 08:41:56 BRST 2012   [info] Velocimacro : messages on  : VM system will output logging messages
Mon Jan 30 08:41:56 BRST 2012   [info] Velocimacro : autoload on  : VM system will automatically reload global library macros
Mon Jan 30 08:41:56 BRST 2012   [info] Velocimacro : initialization complete.
Mon Jan 30 08:41:56 BRST 2012   [info] Velocity successfully started.
